<?xml version="1.0" encoding="UTF-8"?>
<testsuite name="TC005_VerifyAssistUsers"
           tests="37"
           failures="1"
           errors="0"
           skipped="36"
           time="0.004">
  <properties />
            <testcase name="setUp" time="0.000" classname="com.jopari.testscript.testscripts.PayerAssistUsers">
                <failure type="org.openqa.selenium.remote.UnreachableBrowserException"
                  message="Error communicating with the remote browser. It may have died.
Build info: version: &apos;2.43.0&apos;, revision: &apos;accb3003b9fb8f7cae30f9669b4c594a065396a6&apos;, time: &apos;2014-09-09 22:22:51&apos;
System info: host: &apos;NayanBanerjee&apos;, ip: &apos;172.18.75.86&apos;, os.name: &apos;Windows 7&apos;, os.arch: &apos;x86&apos;, os.version: &apos;6.1&apos;, java.version: &apos;1.7.0_51&apos;
Driver info: driver.version: RemoteWebDriver"
              >
<![CDATA[org.openqa.selenium.remote.UnreachableBrowserException: Error communicating with the remote browser. It may have died.
Build info: version: '2.43.0', revision: 'accb3003b9fb8f7cae30f9669b4c594a065396a6', time: '2014-09-09 22:22:51'
System info: host: 'NayanBanerjee', ip: '172.18.75.86', os.name: 'Windows 7', os.arch: 'x86', os.version: '6.1', java.version: '1.7.0_51'
Driver info: driver.version: RemoteWebDriver
  org.openqa.selenium.remote.RemoteWebDriver.execute(RemoteWebDriver.java:593)
  org.openqa.selenium.remote.RemoteWebDriver.get(RemoteWebDriver.java:304)
  com.jopari.automation.selenium.browser.FirefoxBrowser.start(FirefoxBrowser.java:33)
  com.jopari.automation.selenium.test.BaseTestCase.setUp(BaseTestCase.java:100)
  sun.reflect.NativeMethodAccessorImpl.invoke0(Native Method)
  sun.reflect.NativeMethodAccessorImpl.invoke(NativeMethodAccessorImpl.java:57)
  sun.reflect.DelegatingMethodAccessorImpl.invoke(DelegatingMethodAccessorImpl.java:43)
  java.lang.reflect.Method.invoke(Method.java:606)
  org.testng.internal.MethodInvocationHelper.invokeMethod(MethodInvocationHelper.java:84)
  org.testng.internal.Invoker.invokeConfigurationMethod(Invoker.java:564)
  org.testng.internal.Invoker.invokeConfigurations(Invoker.java:213)
  org.testng.internal.Invoker.invokeConfigurations(Invoker.java:138)
  org.testng.SuiteRunner.privateRun(SuiteRunner.java:291)
  org.testng.SuiteRunner.run(SuiteRunner.java:254)
  org.testng.SuiteRunnerWorker.runSuite(SuiteRunnerWorker.java:52)
  org.testng.SuiteRunnerWorker.run(SuiteRunnerWorker.java:86)
  org.testng.TestNG.runSuitesSequentially(TestNG.java:1224)
  org.testng.TestNG.runSuitesLocally(TestNG.java:1149)
  org.testng.TestNG.run(TestNG.java:1057)
  com.jopari.automation.testng.util.TestNGHelper.executesTest(TestNGHelper.java:97)
  com.jopari.testscript.testscripts.AutomationTestSuiteRunner.run(AutomationTestSuiteRunner.java:150)
  com.jopari.testscript.testscripts.AutomationTestSuiteRunner.main(AutomationTestSuiteRunner.java:195)
  sun.reflect.NativeMethodAccessorImpl.invoke0(Native Method)
  sun.reflect.NativeMethodAccessorImpl.invoke(NativeMethodAccessorImpl.java:57)
  sun.reflect.DelegatingMethodAccessorImpl.invoke(DelegatingMethodAccessorImpl.java:43)
  java.lang.reflect.Method.invoke(Method.java:606)
  org.codehaus.mojo.exec.ExecJavaMojo$1.run(ExecJavaMojo.java:283)
  java.lang.Thread.run(Thread.java:744)
Caused by: org.apache.http.conn.HttpHostConnectException: Connect to 127.0.0.1:7056 [/127.0.0.1] failed: Connection refused: connect
  org.apache.http.impl.conn.HttpClientConnectionOperator.connect(HttpClientConnectionOperator.java:140)
  org.apache.http.impl.conn.PoolingHttpClientConnectionManager.connect(PoolingHttpClientConnectionManager.java:318)
  org.apache.http.impl.execchain.MainClientExec.establishRoute(MainClientExec.java:363)
  org.apache.http.impl.execchain.MainClientExec.execute(MainClientExec.java:219)
  org.apache.http.impl.execchain.ProtocolExec.execute(ProtocolExec.java:195)
  org.apache.http.impl.execchain.RetryExec.execute(RetryExec.java:86)
  org.apache.http.impl.execchain.RedirectExec.execute(RedirectExec.java:108)
  org.apache.http.impl.client.InternalHttpClient.doExecute(InternalHttpClient.java:184)
  org.apache.http.impl.client.CloseableHttpClient.execute(CloseableHttpClient.java:72)
  org.apache.http.impl.client.CloseableHttpClient.execute(CloseableHttpClient.java:57)
  org.openqa.selenium.remote.HttpCommandExecutor.fallBackExecute(HttpCommandExecutor.java:233)
  org.openqa.selenium.remote.HttpCommandExecutor.execute(HttpCommandExecutor.java:184)
  org.openqa.selenium.firefox.internal.NewProfileExtensionConnection.execute(NewProfileExtensionConnection.java:165)
  org.openqa.selenium.firefox.FirefoxDriver$LazyCommandExecutor.execute(FirefoxDriver.java:362)
  org.openqa.selenium.remote.RemoteWebDriver.execute(RemoteWebDriver.java:572)
  org.openqa.selenium.remote.RemoteWebDriver.get(RemoteWebDriver.java:304)
  com.jopari.automation.selenium.browser.FirefoxBrowser.start(FirefoxBrowser.java:33)
  com.jopari.automation.selenium.test.BaseTestCase.setUp(BaseTestCase.java:100)
  sun.reflect.NativeMethodAccessorImpl.invoke0(Native Method)
  sun.reflect.NativeMethodAccessorImpl.invoke(NativeMethodAccessorImpl.java:57)
  sun.reflect.DelegatingMethodAccessorImpl.invoke(DelegatingMethodAccessorImpl.java:43)
  java.lang.reflect.Method.invoke(Method.java:606)
  org.testng.internal.MethodInvocationHelper.invokeMethod(MethodInvocationHelper.java:84)
  org.testng.internal.Invoker.invokeConfigurationMethod(Invoker.java:564)
  org.testng.internal.Invoker.invokeConfigurations(Invoker.java:213)
  org.testng.internal.Invoker.invokeConfigurations(Invoker.java:138)
  org.testng.SuiteRunner.privateRun(SuiteRunner.java:291)
  org.testng.SuiteRunner.run(SuiteRunner.java:254)
  org.testng.SuiteRunnerWorker.runSuite(SuiteRunnerWorker.java:52)
  org.testng.SuiteRunnerWorker.run(SuiteRunnerWorker.java:86)
  org.testng.TestNG.runSuitesSequentially(TestNG.java:1224)
  org.testng.TestNG.runSuitesLocally(TestNG.java:1149)
  org.testng.TestNG.run(TestNG.java:1057)
  com.jopari.automation.testng.util.TestNGHelper.executesTest(TestNGHelper.java:97)
  com.jopari.testscript.testscripts.AutomationTestSuiteRunner.run(AutomationTestSuiteRunner.java:150)
  com.jopari.testscript.testscripts.AutomationTestSuiteRunner.main(AutomationTestSuiteRunner.java:195)
  sun.reflect.NativeMethodAccessorImpl.invoke0(Native Method)
  sun.reflect.NativeMethodAccessorImpl.invoke(NativeMethodAccessorImpl.java:57)
  sun.reflect.DelegatingMethodAccessorImpl.invoke(DelegatingMethodAccessorImpl.java:43)
  java.lang.reflect.Method.invoke(Method.java:606)
  org.codehaus.mojo.exec.ExecJavaMojo$1.run(ExecJavaMojo.java:283)
  java.lang.Thread.run(Thread.java:744)
Caused by: java.net.ConnectException: Connection refused: connect
  java.net.DualStackPlainSocketImpl.waitForConnect(Native Method)
  java.net.DualStackPlainSocketImpl.socketConnect(DualStackPlainSocketImpl.java:85)
  java.net.AbstractPlainSocketImpl.doConnect(AbstractPlainSocketImpl.java:339)
  java.net.AbstractPlainSocketImpl.connectToAddress(AbstractPlainSocketImpl.java:200)
  java.net.AbstractPlainSocketImpl.connect(AbstractPlainSocketImpl.java:182)
  java.net.PlainSocketImpl.connect(PlainSocketImpl.java:172)
  java.net.SocksSocketImpl.connect(SocksSocketImpl.java:392)
  java.net.Socket.connect(Socket.java:579)
  org.apache.http.conn.socket.PlainConnectionSocketFactory.connectSocket(PlainConnectionSocketFactory.java:72)
  org.apache.http.impl.conn.HttpClientConnectionOperator.connect(HttpClientConnectionOperator.java:123)
  org.apache.http.impl.conn.PoolingHttpClientConnectionManager.connect(PoolingHttpClientConnectionManager.java:318)
  org.apache.http.impl.execchain.MainClientExec.establishRoute(MainClientExec.java:363)
  org.apache.http.impl.execchain.MainClientExec.execute(MainClientExec.java:219)
  org.apache.http.impl.execchain.ProtocolExec.execute(ProtocolExec.java:195)
  org.apache.http.impl.execchain.RetryExec.execute(RetryExec.java:86)
  org.apache.http.impl.execchain.RedirectExec.execute(RedirectExec.java:108)
  org.apache.http.impl.client.InternalHttpClient.doExecute(InternalHttpClient.java:184)
  org.apache.http.impl.client.CloseableHttpClient.execute(CloseableHttpClient.java:72)
  org.apache.http.impl.client.CloseableHttpClient.execute(CloseableHttpClient.java:57)
  org.openqa.selenium.remote.HttpCommandExecutor.fallBackExecute(HttpCommandExecutor.java:233)
  org.openqa.selenium.remote.HttpCommandExecutor.execute(HttpCommandExecutor.java:184)
  org.openqa.selenium.firefox.internal.NewProfileExtensionConnection.execute(NewProfileExtensionConnection.java:165)
  org.openqa.selenium.firefox.FirefoxDriver$LazyCommandExecutor.execute(FirefoxDriver.java:362)
  org.openqa.selenium.remote.RemoteWebDriver.execute(RemoteWebDriver.java:572)
  org.openqa.selenium.remote.RemoteWebDriver.get(RemoteWebDriver.java:304)
  com.jopari.automation.selenium.browser.FirefoxBrowser.start(FirefoxBrowser.java:33)
  com.jopari.automation.selenium.test.BaseTestCase.setUp(BaseTestCase.java:100)
  sun.reflect.NativeMethodAccessorImpl.invoke0(Native Method)
  sun.reflect.NativeMethodAccessorImpl.invoke(NativeMethodAccessorImpl.java:57)
  sun.reflect.DelegatingMethodAccessorImpl.invoke(DelegatingMethodAccessorImpl.java:43)
  java.lang.reflect.Method.invoke(Method.java:606)
  org.testng.internal.MethodInvocationHelper.invokeMethod(MethodInvocationHelper.java:84)
  org.testng.internal.Invoker.invokeConfigurationMethod(Invoker.java:564)
  org.testng.internal.Invoker.invokeConfigurations(Invoker.java:213)
  org.testng.internal.Invoker.invokeConfigurations(Invoker.java:138)
  org.testng.SuiteRunner.privateRun(SuiteRunner.java:291)
  org.testng.SuiteRunner.run(SuiteRunner.java:254)
  org.testng.SuiteRunnerWorker.runSuite(SuiteRunnerWorker.java:52)
  org.testng.SuiteRunnerWorker.run(SuiteRunnerWorker.java:86)
  org.testng.TestNG.runSuitesSequentially(TestNG.java:1224)
  org.testng.TestNG.runSuitesLocally(TestNG.java:1149)
  org.testng.TestNG.run(TestNG.java:1057)
  com.jopari.automation.testng.util.TestNGHelper.executesTest(TestNGHelper.java:97)
  com.jopari.testscript.testscripts.AutomationTestSuiteRunner.run(AutomationTestSuiteRunner.java:150)
  com.jopari.testscript.testscripts.AutomationTestSuiteRunner.main(AutomationTestSuiteRunner.java:195)
  sun.reflect.NativeMethodAccessorImpl.invoke0(Native Method)
  sun.reflect.NativeMethodAccessorImpl.invoke(NativeMethodAccessorImpl.java:57)
  sun.reflect.DelegatingMethodAccessorImpl.invoke(DelegatingMethodAccessorImpl.java:43)
  java.lang.reflect.Method.invoke(Method.java:606)
  org.codehaus.mojo.exec.ExecJavaMojo$1.run(ExecJavaMojo.java:283)
  java.lang.Thread.run(Thread.java:744)
]]>
      </failure>

          </testcase>
  
            <testcase name="setTestContext" time="0.0" classname="com.jopari.testscript.testscripts.PayerAssistUsers">
          <skipped />
    </testcase>
            <testcase name="getSelenium" time="0.0" classname="com.jopari.testscript.testscripts.PayerAssistUsers">
          <skipped />
    </testcase>
            <testcase name="setTestContext" time="0.0" classname="com.jopari.testscript.testscripts.PayerAssistUsers">
          <skipped />
    </testcase>
            <testcase name="setTestContext" time="0.0" classname="com.jopari.testscript.testscripts.PayerAssistUsers">
          <skipped />
    </testcase>
            <testcase name="setTestContext" time="0.0" classname="com.jopari.testscript.testscripts.PayerAssistUsers">
          <skipped />
    </testcase>
            <testcase name="setTestContext" time="0.0" classname="com.jopari.testscript.testscripts.PayerAssistUsers">
          <skipped />
    </testcase>
            <testcase name="setTestContext" time="0.0" classname="com.jopari.testscript.testscripts.PayerAssistUsers">
          <skipped />
    </testcase>
            <testcase name="setTestContext" time="0.0" classname="com.jopari.testscript.testscripts.PayerAssistUsers">
          <skipped />
    </testcase>
            <testcase name="setTestContext" time="0.0" classname="com.jopari.testscript.testscripts.PayerAssistUsers">
          <skipped />
    </testcase>
            <testcase name="testLogin" time="0.0" classname="com.jopari.testscript.testscripts.PayerAssistUsers">
          <skipped />
    </testcase>
            <testcase name="setTestContext" time="0.0" classname="com.jopari.testscript.testscripts.PayerAssistUsers">
          <skipped />
    </testcase>
            <testcase name="setTestContext" time="0.0" classname="com.jopari.testscript.testscripts.PayerAssistUsers">
          <skipped />
    </testcase>
            <testcase name="setTestContext" time="0.0" classname="com.jopari.testscript.testscripts.PayerAssistUsers">
          <skipped />
    </testcase>
            <testcase name="setTestContext" time="0.0" classname="com.jopari.testscript.testscripts.PayerAssistUsers">
          <skipped />
    </testcase>
            <testcase name="setTestContext" time="0.0" classname="com.jopari.testscript.testscripts.PayerAssistUsers">
          <skipped />
    </testcase>
            <testcase name="setTestContext" time="0.0" classname="com.jopari.testscript.testscripts.PayerAssistUsers">
          <skipped />
    </testcase>
            <testcase name="setTestContext" time="0.0" classname="com.jopari.testscript.testscripts.PayerAssistUsers">
          <skipped />
    </testcase>
            <testcase name="setTestContext" time="0.0" classname="com.jopari.testscript.testscripts.PayerAssistUsers">
          <skipped />
    </testcase>
            <testcase name="setTestContext" time="0.0" classname="com.jopari.testscript.testscripts.PayerAssistUsers">
          <skipped />
    </testcase>
            <testcase name="testEmulatedUserCheckLoginPageComponents" time="0.0" classname="com.jopari.testscript.testscripts.PayerAssistUsers">
          <skipped />
    </testcase>
            <testcase name="testDeletePayeeFromContainer" time="0.0" classname="com.jopari.testscript.testscripts.PayerAssistUsers">
          <skipped />
    </testcase>
            <testcase name="testAssistUserCheckLoginWithValueAM" time="0.0" classname="com.jopari.testscript.testscripts.PayerAssistUsers">
          <skipped />
    </testcase>
            <testcase name="testButtonsVisible" time="0.0" classname="com.jopari.testscript.testscripts.PayerAssistUsers">
          <skipped />
    </testcase>
            <testcase name="testTextBoxesVisible" time="0.0" classname="com.jopari.testscript.testscripts.PayerAssistUsers">
          <skipped />
    </testcase>
            <testcase name="testRoleRowsDisplayed" time="0.0" classname="com.jopari.testscript.testscripts.PayerAssistUsers">
          <skipped />
    </testcase>
            <testcase name="testLoginwithEmulatedUserCheckStatus" time="0.0" classname="com.jopari.testscript.testscripts.PayerAssistUsers">
          <skipped />
    </testcase>
            <testcase name="testEnterPasswordAfterLinkClicked" time="0.0" classname="com.jopari.testscript.testscripts.PayerAssistUsers">
          <skipped />
    </testcase>
            <testcase name="testLoginAfterHyperLinkClickedAndCancelled" time="0.0" classname="com.jopari.testscript.testscripts.PayerAssistUsers">
          <skipped />
    </testcase>
            <testcase name="testCollapsedAndExpandedVisible" time="0.0" classname="com.jopari.testscript.testscripts.PayerAssistUsers">
          <skipped />
    </testcase>
            <testcase name="testCheckUserEmulationRole" time="0.0" classname="com.jopari.testscript.testscripts.PayerAssistUsers">
          <skipped />
    </testcase>
            <testcase name="testEmulatedUserRenamePayeeContainer" time="0.0" classname="com.jopari.testscript.testscripts.PayerAssistUsers">
          <skipped />
    </testcase>
            <testcase name="testMovePayeeFromContainer" time="0.0" classname="com.jopari.testscript.testscripts.PayerAssistUsers">
          <skipped />
    </testcase>
            <testcase name="testAssistUserHeidi" time="0.0" classname="com.jopari.testscript.testscripts.PayerAssistUsers">
          <skipped />
    </testcase>
            <testcase name="testLoginwithEmulatedUser" time="0.0" classname="com.jopari.testscript.testscripts.PayerAssistUsers">
          <skipped />
    </testcase>
            <testcase name="testHyperlinkDisplayed" time="0.0" classname="com.jopari.testscript.testscripts.PayerAssistUsers">
          <skipped />
    </testcase>
            <testcase name="testClickHyperlinkDisplayed" time="0.0" classname="com.jopari.testscript.testscripts.PayerAssistUsers">
          <skipped />
    </testcase>
  
  
</testsuite>
